\BOOKMARK [0][-]{chapter*.1}{Preface}{}% 1
\BOOKMARK [-1][-]{part.1}{I Bibliography}{}% 2
\BOOKMARK [0][-]{section*.3}{Bibliography}{part.1}% 3
\BOOKMARK [0][-]{chapter.1}{List of Abbreviations}{part.1}% 4
\BOOKMARK [0][-]{chapter.2}{Task Sheet}{part.1}% 5
\BOOKMARK [0][-]{chapter.3}{Sample Sheet}{part.1}% 6
\BOOKMARK [0][-]{chapter.4}{Interview Questions}{part.1}% 7
\BOOKMARK [0][-]{chapter.5}{Interview notes}{part.1}% 8
\BOOKMARK [1][-]{section.5.1}{Participant \0431 \(Pilot Test\)}{chapter.5}% 9
\BOOKMARK [1][-]{section.5.2}{Participant \0432}{chapter.5}% 10
\BOOKMARK [1][-]{section.5.3}{Participant \0433}{chapter.5}% 11
\BOOKMARK [1][-]{section.5.4}{Participant \0434}{chapter.5}% 12
\BOOKMARK [1][-]{section.5.5}{Participant \0435}{chapter.5}% 13
\BOOKMARK [1][-]{section.5.6}{Participant \0436}{chapter.5}% 14
\BOOKMARK [1][-]{section.5.7}{Participant \0437}{chapter.5}% 15
\BOOKMARK [1][-]{section.5.8}{Participant \0438}{chapter.5}% 16
\BOOKMARK [0][-]{chapter.6}{Participant code}{part.1}% 17
\BOOKMARK [1][-]{section.6.1}{Participant \0431}{chapter.6}% 18
\BOOKMARK [1][-]{section.6.2}{Participant \0432}{chapter.6}% 19
\BOOKMARK [1][-]{section.6.3}{Participant \0433}{chapter.6}% 20
\BOOKMARK [1][-]{section.6.4}{Participant \0434}{chapter.6}% 21
\BOOKMARK [1][-]{section.6.5}{Participant \0435}{chapter.6}% 22
\BOOKMARK [1][-]{section.6.6}{Participant \0436}{chapter.6}% 23
\BOOKMARK [1][-]{section.6.7}{Participant \0437}{chapter.6}% 24
\BOOKMARK [1][-]{section.6.8}{Participant \0438}{chapter.6}% 25
